{"name": "test_search_without_entering_any_product", "status": "failed", "statusDetails": {"message": "AssertionError: assert False\n +  where False = <method-wrapper '__eq__' of str object at 0x0000023B45DF7280>('There is no product that matches the search criteria.ABC')\n +    where <method-wrapper '__eq__' of str object at 0x0000023B45DF7280> = 'There is no product that matches the search criteria.'.__eq__\n +      where 'There is no product that matches the search criteria.' = <bound method SearchPage.retrive_no_product_message of <pages.SearchPage.SearchPage object at 0x0000023B45E28710>>()\n +        where <bound method SearchPage.retrive_no_product_message of <pages.SearchPage.SearchPage object at 0x0000023B45E28710>> = <pages.SearchPage.SearchPage object at 0x0000023B45E28710>.retrive_no_product_message", "trace": "self = <tests.test_Search.TestSearch object at 0x0000023B45E3EED0>\n\n    def test_search_without_entering_any_product(self):\n        home_page = HomePage(self.driver)\n        search_page = home_page.search_for_a_product(\"\")\n        expected_text = \"There is no product that matches the search criteria.ABC\"\n>       assert search_page.retrive_no_product_message().__eq__(expected_text)\nE       AssertionError: assert False\nE        +  where False = <method-wrapper '__eq__' of str object at 0x0000023B45DF7280>('There is no product that matches the search criteria.ABC')\nE        +    where <method-wrapper '__eq__' of str object at 0x0000023B45DF7280> = 'There is no product that matches the search criteria.'.__eq__\nE        +      where 'There is no product that matches the search criteria.' = <bound method SearchPage.retrive_no_product_message of <pages.SearchPage.SearchPage object at 0x0000023B45E28710>>()\nE        +        where <bound method SearchPage.retrive_no_product_message of <pages.SearchPage.SearchPage object at 0x0000023B45E28710>> = <pages.SearchPage.SearchPage object at 0x0000023B45E28710>.retrive_no_product_message\n\ntests\\test_Search.py:25: AssertionError"}, "start": 1708421570447, "stop": 1708421571084, "uuid": "82b25783-b8cf-4870-bc69-fa3b986b35fb", "historyId": "05faa69b42346d7fd4713a5dbe872b45", "testCaseId": "05faa69b42346d7fd4713a5dbe872b45", "fullName": "tests.test_Search.TestSearch#test_search_without_entering_any_product", "labels": [{"name": "tag", "value": "@pytest.mark.usefixtures('setup_and_teardown', 'log_on_failure')"}, {"name": "parentSuite", "value": "tests"}, {"name": "suite", "value": "test_Search"}, {"name": "subSuite", "value": "TestSearch"}, {"name": "host", "value": "ThinkPad-P52s-Workstation"}, {"name": "thread", "value": "27712-MainThread"}, {"name": "framework", "value": "pytest"}, {"name": "language", "value": "cpython3"}, {"name": "package", "value": "tests.test_Search"}]}